<?xml version="1.0" encoding="UTF-8"?>
<!-- Generated by org.testng.reporters.JUnitReportReporter -->
<testsuite skipped="0" hostname="DESKTOP-Q43CBQE" name="com.task2.exception.Sample4" tests="1" failures="0" timestamp="16 Apr 2021 11:13:51 GMT" time="9.088" errors="0">
  <testcase name="getUnsupportedOperationException" time="9.088" classname="com.task2.exception.Sample4"/>
</testsuite> <!-- com.task2.exception.Sample4 -->
