<?xml version="1.0" encoding="UTF-8"?>
<!-- Generated by org.testng.reporters.JUnitReportReporter -->
<testsuite skipped="0" hostname="DESKTOP-Q43CBQE" name="com.task2.exception.Sample8" tests="1" failures="0" timestamp="16 Apr 2021 11:26:23 GMT" time="21.200" errors="0">
  <testcase name="getUnsupportedOperationException" time="21.200" classname="com.task2.exception.Sample8"/>
</testsuite> <!-- com.task2.exception.Sample8 -->
