<?xml version="1.0" encoding="UTF-8"?>
<!-- Generated by org.testng.reporters.JUnitReportReporter -->
<testsuite skipped="0" hostname="DESKTOP-Q43CBQE" name="com.resultActivity.TC_One" tests="1" failures="0" timestamp="15 Apr 2021 09:32:02 GMT" time="2.672" errors="0">
  <testcase name="getResult" time="2.672" classname="com.resultActivity.TC_One"/>
</testsuite> <!-- com.resultActivity.TC_One -->
