<?xml version="1.0" encoding="UTF-8"?>
<!-- Generated by org.testng.reporters.JUnitReportReporter -->
<testsuite skipped="0" hostname="DESKTOP-Q43CBQE" name="com.resultActivity.TC_9" tests="1" failures="0" timestamp="16 Apr 2021 07:19:38 GMT" time="1.359" errors="0">
  <testcase name="getResult9" time="1.359" classname="com.resultActivity.TC_9"/>
</testsuite> <!-- com.resultActivity.TC_9 -->
