<?xml version="1.0" encoding="UTF-8"?>
<!-- Generated by org.testng.reporters.JUnitReportReporter -->
<testsuite skipped="0" hostname="DESKTOP-Q43CBQE" name="com.task2.exception.Sample3" tests="1" failures="0" timestamp="16 Apr 2021 11:12:32 GMT" time="5.202" errors="0">
  <testcase name="getElementNotInteractable" time="5.202" classname="com.task2.exception.Sample3"/>
</testsuite> <!-- com.task2.exception.Sample3 -->
