<?xml version="1.0" encoding="UTF-8"?>
<!-- Generated by org.testng.reporters.JUnitReportReporter -->
<testsuite skipped="0" hostname="DESKTOP-Q43CBQE" name="com.resultActivity.TC_5" tests="1" failures="0" timestamp="16 Apr 2021 07:19:38 GMT" time="0.171" errors="0">
  <testcase name="getResult5" time="0.171" classname="com.resultActivity.TC_5"/>
</testsuite> <!-- com.resultActivity.TC_5 -->
