<?xml version="1.0" encoding="UTF-8"?>
<!-- Generated by org.testng.reporters.JUnitReportReporter -->
<testsuite skipped="0" hostname="DESKTOP-Q43CBQE" name="com.task2.exception.Sample7" tests="1" failures="0" timestamp="16 Apr 2021 11:22:14 GMT" time="12.156" errors="0">
  <testcase name="getStaleReferenceException" time="12.156" classname="com.task2.exception.Sample7"/>
</testsuite> <!-- com.task2.exception.Sample7 -->
