<?xml version="1.0" encoding="UTF-8"?>
<!-- Generated by org.testng.reporters.JUnitReportReporter -->
<testsuite skipped="0" hostname="DESKTOP-Q43CBQE" name="com.task2.exception.Sample6" tests="1" failures="0" timestamp="16 Apr 2021 11:19:42 GMT" time="7.195" errors="0">
  <testcase name="getNoAlertPresentation" time="7.195" classname="com.task2.exception.Sample6"/>
</testsuite> <!-- com.task2.exception.Sample6 -->
