<?xml version="1.0" encoding="UTF-8"?>
<!-- Generated by org.testng.reporters.JUnitReportReporter -->
<testsuite skipped="0" hostname="DESKTOP-Q43CBQE" name="com.task2.exception.Sample2" tests="1" failures="0" timestamp="16 Apr 2021 11:10:49 GMT" time="7.632" errors="0">
  <testcase name="getNoSuchElement" time="7.632" classname="com.task2.exception.Sample2"/>
</testsuite> <!-- com.task2.exception.Sample2 -->
