<?xml version="1.0" encoding="UTF-8"?>
<!-- Generated by org.testng.reporters.JUnitReportReporter -->
<testsuite skipped="0" hostname="DESKTOP-Q43CBQE" name="com.task2.exception.Sample5" tests="1" failures="0" timestamp="16 Apr 2021 11:15:29 GMT" time="12.064" errors="0">
  <testcase name="getInvalidSelectorExp" time="12.064" classname="com.task2.exception.Sample5"/>
</testsuite> <!-- com.task2.exception.Sample5 -->
