<?xml version="1.0" encoding="UTF-8"?>
<!-- Generated by org.testng.reporters.JUnitReportReporter -->
<testsuite skipped="0" hostname="DESKTOP-Q43CBQE" name="com.task2.exception.Sample9" tests="1" failures="0" timestamp="16 Apr 2021 11:45:55 GMT" time="11.418" errors="0">
  <testcase name="getNoSuchAttributeException" time="11.418" classname="com.task2.exception.Sample9"/>
</testsuite> <!-- com.task2.exception.Sample9 -->
