<?xml version="1.0" encoding="UTF-8"?>
<!-- Generated by org.testng.reporters.JUnitReportReporter -->
<testsuite skipped="0" hostname="DESKTOP-Q43CBQE" name="com.task2.exception.Sample1" tests="1" failures="0" timestamp="16 Apr 2021 11:07:57 GMT" time="5.643" errors="0">
  <testcase name="getInvalidArgument" time="5.643" classname="com.task2.exception.Sample1"/>
</testsuite> <!-- com.task2.exception.Sample1 -->
