<?xml version="1.0" encoding="UTF-8"?>
<!-- Generated by org.testng.reporters.JUnitReportReporter -->
<testsuite skipped="0" hostname="DESKTOP-Q43CBQE" name="com.resultActivity.TC_8" tests="1" failures="0" timestamp="16 Apr 2021 07:19:38 GMT" time="0.110" errors="0">
  <testcase name="getResult8" time="0.110" classname="com.resultActivity.TC_8"/>
</testsuite> <!-- com.resultActivity.TC_8 -->
